Elige operacion:
Creando nueva matriz
Introduzca numero filas y columnas Fila 0
Elemento 0
Elemento 1
Elemento 2

Fila 1
Elemento 0
Elemento 1
Elemento 2

Fila 2
Elemento 0
Elemento 1
Elemento 2

Elige operacion:
Asignando A
Elige operacion:
Creando nueva matriz
Introduzca numero filas y columnas Fila 0
Elemento 0
Elemento 1
Elemento 2

Fila 1
Elemento 0
Elemento 1
Elemento 2

Fila 2
Elemento 0
Elemento 1
Elemento 2

Elige operacion:
Asignando B
Elige operacion:
C=A+B
Elige operacion:
Imprimir C
10 10 10 
10 10 10 
10 10 10 
Elige operacion:
FIN
